<?xml version="1.0" encoding="UTF-8"?>
<!-- Generated by org.testng.reporters.JUnitReportReporter -->
<testsuite skipped="0" hostname="Jordan-PC" name="testng.basics.PriorityTest" tests="5" failures="0" timestamp="01 Mar 2021 03:10:32 GMT" time="0.082" errors="0">
  <testcase name="f4" time="0.048" classname="testng.basics.PriorityTest"/>
  <testcase name="f2" time="0.006" classname="testng.basics.PriorityTest"/>
  <testcase name="f5" time="0.004" classname="testng.basics.PriorityTest"/>
  <testcase name="f1" time="0.017" classname="testng.basics.PriorityTest"/>
  <testcase name="f3" time="0.007" classname="testng.basics.PriorityTest"/>
</testsuite> <!-- testng.basics.PriorityTest -->
