<?xml version="1.0" encoding="UTF-8"?>
<!-- Generated by org.testng.reporters.JUnitReportReporter -->
<testsuite skipped="0" hostname="Jordan-PC" name="testng.basics.HierarchyTest" tests="2" failures="0" timestamp="01 Mar 2021 02:51:28 GMT" time="0.109" errors="0">
  <testcase name="f1" time="0.097" classname="testng.basics.HierarchyTest"/>
  <testcase name="f2" time="0.012" classname="testng.basics.HierarchyTest"/>
</testsuite> <!-- testng.basics.HierarchyTest -->
