<?xml version="1.0" encoding="UTF-8"?>
<!-- Generated by org.testng.reporters.JUnitReportReporter -->
<testsuite skipped="0" hostname="Jordan-PC" name="testng.basics.ParameterTest" tests="1" failures="0" timestamp="02 Mar 2021 03:14:53 GMT" time="27.393" errors="0">
  <testcase name="magentoLoginTest" time="27.393" classname="testng.basics.ParameterTest"/>
</testsuite> <!-- testng.basics.ParameterTest -->
