<?xml version="1.0" encoding="UTF-8"?>
<!-- Generated by org.testng.reporters.JUnitReportReporter -->
<testsuite skipped="0" hostname="Jordan-PC" name="testng.basics.InvocationCountTest" tests="10" failures="0" timestamp="01 Mar 2021 02:55:37 GMT" time="0.101" errors="0">
  <testcase name="sum" time="0.016" classname="testng.basics.InvocationCountTest"/>
  <testcase name="sum" time="0.008" classname="testng.basics.InvocationCountTest"/>
  <testcase name="sum" time="0.007" classname="testng.basics.InvocationCountTest"/>
  <testcase name="sum" time="0.003" classname="testng.basics.InvocationCountTest"/>
  <testcase name="sum" time="0.007" classname="testng.basics.InvocationCountTest"/>
  <testcase name="sum" time="0.004" classname="testng.basics.InvocationCountTest"/>
  <testcase name="sum" time="0.008" classname="testng.basics.InvocationCountTest"/>
  <testcase name="sum" time="0.012" classname="testng.basics.InvocationCountTest"/>
  <testcase name="sum" time="0.005" classname="testng.basics.InvocationCountTest"/>
  <testcase name="sum" time="0.031" classname="testng.basics.InvocationCountTest"/>
</testsuite> <!-- testng.basics.InvocationCountTest -->
