<?xml version="1.0" encoding="UTF-8"?>
<!-- Generated by org.testng.reporters.JUnitReportReporter -->
<testsuite skipped="0" hostname="Jordan-PC" name="pageobjectmodel.LoginTest" tests="3" failures="0" timestamp="03 Mar 2021 03:54:49 GMT" time="68.779" errors="0">
  <testcase name="loginSuccess" time="21.621" classname="pageobjectmodel.LoginTest"/>
  <testcase name="loginfailure" time="19.552" classname="pageobjectmodel.LoginTest"/>
  <testcase name="AtitleCheck" time="27.606" classname="pageobjectmodel.LoginTest"/>
</testsuite> <!-- pageobjectmodel.LoginTest -->
