<?xml version="1.0" encoding="UTF-8"?>
<!-- Generated by org.testng.reporters.JUnitReportReporter -->
<testsuite skipped="0" hostname="Jordan-PC" name="testng.basics.DependsOnMethodExample" tests="2" failures="0" timestamp="02 Mar 2021 03:00:48 GMT" time="0.098" errors="0">
  <testcase name="loginTest" time="0.090" classname="testng.basics.DependsOnMethodExample"/>
  <testcase name="homePageTest" time="0.008" classname="testng.basics.DependsOnMethodExample"/>
</testsuite> <!-- testng.basics.DependsOnMethodExample -->
