<?xml version="1.0" encoding="UTF-8"?>
<!-- Generated by org.testng.reporters.JUnitReportReporter -->
<testsuite skipped="0" hostname="Jordan-PC" name="testng.basics.TestNgGroupTest" tests="2" failures="0" timestamp="01 Mar 2021 03:51:00 GMT" time="0.053" errors="0">
  <testcase name="f3" time="0.009" classname="testng.basics.TestNgGroupTest"/>
  <testcase name="f2" time="0.044" classname="testng.basics.TestNgGroupTest"/>
</testsuite> <!-- testng.basics.TestNgGroupTest -->
