<?xml version="1.0" encoding="UTF-8"?>
<!-- Generated by org.testng.reporters.JUnitReportReporter -->
<testsuite skipped="0" hostname="Jordan-PC" name="testng.basics.Demo1" tests="1" failures="0" timestamp="02 Mar 2021 03:41:46 GMT" time="147.232" errors="0">
  <testcase name="dropdownTest" time="147.232" classname="testng.basics.Demo1"/>
</testsuite> <!-- testng.basics.Demo1 -->
